2025-05-04 19:20:55,310 ERROR scheduler Skipped queueing frappe.website.doctype.web_page.web_page.check_publish_status because it was found in queue for erpnext.localhost
2025-05-04 19:20:59,995 ERROR scheduler Skipped queueing frappe.desk.form.document_follow.send_hourly_updates because it was found in queue for erpnext.localhost
2025-05-04 19:21:03,694 ERROR scheduler Skipped queueing erpnext.accounts.doctype.gl_entry.gl_entry.rename_gle_sle_docs because it was found in queue for erpnext.localhost
2025-05-04 19:21:05,380 ERROR scheduler Skipped queueing frappe.core.doctype.prepared_report.prepared_report.expire_stalled_report because it was found in queue for erpnext.localhost
2025-05-04 19:21:07,498 ERROR scheduler Skipped queueing frappe.deferred_insert.save_to_db because it was found in queue for erpnext.localhost
2025-05-04 19:21:08,736 ERROR scheduler Skipped queueing erpnext.manufacturing.doctype.bom_update_log.bom_update_log.resume_bom_cost_update_jobs because it was found in queue for erpnext.localhost
2025-05-04 19:21:09,161 ERROR scheduler Skipped queueing erpnext.projects.doctype.project.project.project_status_update_reminder because it was found in queue for erpnext.localhost
2025-05-04 19:21:11,472 ERROR scheduler Skipped queueing frappe.model.utils.user_settings.sync_user_settings because it was found in queue for erpnext.localhost
2025-05-04 19:21:12,257 ERROR scheduler Skipped queueing frappe.email.queue.flush because it was found in queue for erpnext.localhost
2025-05-04 19:21:12,972 ERROR scheduler Skipped queueing frappe.integrations.doctype.google_calendar.google_calendar.sync because it was found in queue for erpnext.localhost
2025-05-04 19:21:13,304 ERROR scheduler Skipped queueing erpnext.stock.doctype.repost_item_valuation.repost_item_valuation.repost_entries because it was found in queue for erpnext.localhost
2025-05-04 19:21:14,139 ERROR scheduler Skipped queueing frappe.automation.doctype.reminder.reminder.send_reminders because it was found in queue for erpnext.localhost
2025-05-04 19:21:15,287 ERROR scheduler Skipped queueing frappe.email.doctype.notification.notification.trigger_offset_alerts because it was found in queue for erpnext.localhost
2025-05-04 19:21:15,642 ERROR scheduler Skipped queueing frappe.email.doctype.email_account.email_account.pull because it was found in queue for erpnext.localhost
2025-05-04 19:21:16,433 ERROR scheduler Skipped queueing erpnext.utilities.bulk_transaction.retry because it was found in queue for erpnext.localhost
2025-05-04 19:21:17,705 ERROR scheduler Skipped queueing erpnext.projects.doctype.project.project.collect_project_status because it was found in queue for erpnext.localhost
2025-05-04 19:21:18,088 ERROR scheduler Skipped queueing frappe.twofactor.delete_all_barcodes_for_users because it was found in queue for erpnext.localhost
2025-05-04 19:21:18,100 ERROR scheduler Skipped queueing frappe.website.doctype.personal_data_deletion_request.personal_data_deletion_request.process_data_deletion_request because it was found in queue for erpnext.localhost
2025-05-04 19:25:40,404 ERROR scheduler Skipped queueing frappe.core.doctype.prepared_report.prepared_report.expire_stalled_report because it was found in queue for erpnext.localhost
2025-05-04 19:25:41,695 ERROR scheduler Skipped queueing frappe.website.doctype.personal_data_deletion_request.personal_data_deletion_request.process_data_deletion_request because it was found in queue for erpnext.localhost
2025-05-04 19:25:54,365 ERROR scheduler Skipped queueing frappe.twofactor.delete_all_barcodes_for_users because it was found in queue for erpnext.localhost
2025-05-04 19:26:07,323 ERROR scheduler Skipped queueing frappe.email.queue.flush because it was found in queue for erpnext.localhost
2025-05-04 19:26:17,100 ERROR scheduler Skipped queueing frappe.integrations.doctype.google_calendar.google_calendar.sync because it was found in queue for erpnext.localhost
2025-05-04 19:26:17,266 ERROR scheduler Skipped queueing frappe.desk.form.document_follow.send_hourly_updates because it was found in queue for erpnext.localhost
2025-05-04 19:26:17,686 ERROR scheduler Skipped queueing erpnext.utilities.bulk_transaction.retry because it was found in queue for erpnext.localhost
2025-05-04 19:26:17,882 ERROR scheduler Skipped queueing frappe.email.doctype.email_account.email_account.pull because it was found in queue for erpnext.localhost
2025-05-04 19:26:20,161 ERROR scheduler Skipped queueing frappe.monitor.flush because it was found in queue for erpnext.localhost
2025-05-04 19:26:23,211 ERROR scheduler Skipped queueing frappe.model.utils.user_settings.sync_user_settings because it was found in queue for erpnext.localhost
2025-05-04 19:26:25,590 ERROR scheduler Skipped queueing frappe.website.doctype.web_page.web_page.check_publish_status because it was found in queue for erpnext.localhost
2025-05-04 19:26:32,104 ERROR scheduler Skipped queueing frappe.automation.doctype.reminder.reminder.send_reminders because it was found in queue for erpnext.localhost
2025-05-04 19:26:32,186 ERROR scheduler Skipped queueing erpnext.manufacturing.doctype.bom_update_log.bom_update_log.resume_bom_cost_update_jobs because it was found in queue for erpnext.localhost
2025-05-04 19:26:32,265 ERROR scheduler Skipped queueing frappe.deferred_insert.save_to_db because it was found in queue for erpnext.localhost
2025-05-04 19:26:32,312 ERROR scheduler Skipped queueing erpnext.stock.doctype.repost_item_valuation.repost_item_valuation.repost_entries because it was found in queue for erpnext.localhost
2025-05-04 19:26:32,365 ERROR scheduler Skipped queueing frappe.email.doctype.notification.notification.trigger_offset_alerts because it was found in queue for erpnext.localhost
2025-05-04 19:26:32,417 ERROR scheduler Skipped queueing erpnext.projects.doctype.project.project.project_status_update_reminder because it was found in queue for erpnext.localhost
